<?xml version="1.0" encoding="UTF-8"?>
<!-- Generated by org.testng.reporters.JUnitReportReporter -->
<testsuite skipped="0" hostname="PHESL50804" name="com.wizeline.test.TC_Login" tests="1" failures="0" timestamp="2021-04-10T02:26:57 SGT" time="7.669" errors="0">
  <testcase name="TCLogin" time="7.669" classname="com.wizeline.test.TC_Login"/>
  <system-out/>
</testsuite> <!-- com.wizeline.test.TC_Login -->
